<?xml version="1.0" encoding="UTF-8"?>
<!-- Generated by org.testng.reporters.JUnitReportReporter -->
<testsuite skipped="0" hostname="p001" name="MavenExecution.MavenSample.RestAPIcodeTest" tests="2" failures="0" timestamp="2020-07-06T15:40:22 GST" time="0.001" errors="0">
  <testcase name="WebAutomation" time="0.000" classname="MavenExecution.MavenSample.RestAPIcodeTest"/>
  <system-out/>
  <testcase name="website" time="0.001" classname="MavenExecution.MavenSample.RestAPIcodeTest"/>
  <system-out/>
</testsuite> <!-- MavenExecution.MavenSample.RestAPIcodeTest -->
