<?xml version="1.0" encoding="UTF-8"?>
<!-- Generated by org.testng.reporters.JUnitReportReporter -->
<testsuite skipped="0" hostname="p001" name="MavenExecution.MavenSample.SeleniumcodeTest" tests="2" failures="0" timestamp="2020-07-07T13:32:00 GST" time="0.001" errors="0">
  <testcase name="BrowserAutomation" time="0.001" classname="MavenExecution.MavenSample.SeleniumcodeTest"/>
  <system-out/>
  <testcase name="elements" time="0.000" classname="MavenExecution.MavenSample.SeleniumcodeTest"/>
  <system-out/>
</testsuite> <!-- MavenExecution.MavenSample.SeleniumcodeTest -->
