<?xml version="1.0" encoding="UTF-8"?>
<!-- Generated by org.testng.reporters.JUnitReportReporter -->
<testsuite skipped="0" hostname="p001" name="MavenExecution.MavenSample.AppiumcodeTest" tests="2" failures="0" timestamp="2020-07-07T13:35:57 GST" time="0.009" errors="0">
  <testcase name="app" time="0.009" classname="MavenExecution.MavenSample.AppiumcodeTest"/>
  <system-out/>
  <testcase name="mobileAutomation" time="0.000" classname="MavenExecution.MavenSample.AppiumcodeTest"/>
  <system-out/>
</testsuite> <!-- MavenExecution.MavenSample.AppiumcodeTest -->
